<?xml version="1.0" encoding="UTF-8"?>
<!-- Generated by org.testng.reporters.JUnitReportReporter -->
<testsuite hostname="Ravish" failures="0" tests="2" name="com.amazonTestCases.IndexPageTest" time="36.612" errors="0" timestamp="2024-01-25T14:32:55 IST" skipped="0">
  <testcase classname="com.amazonTestCases.IndexPageTest" name="verifyLogo" time="18.851"/>
  <system-out/>
  <testcase classname="com.amazonTestCases.IndexPageTest" name="verifyTitle" time="17.761"/>
  <system-out/>
</testsuite> <!-- com.amazonTestCases.IndexPageTest -->
