<?xml version="1.0" encoding="UTF-8"?>
<!-- Generated by org.testng.reporters.JUnitReportReporter -->
<testsuite hostname="Ravish" failures="0" tests="1" name="com.amazonTestCases.ProductSearchPageTest" time="36.951" errors="0" timestamp="2024-01-25T14:32:55 IST" skipped="0">
  <testcase classname="com.amazonTestCases.ProductSearchPageTest" name="verifyProductlist" time="36.951"/>
  <system-out/>
</testsuite> <!-- com.amazonTestCases.ProductSearchPageTest -->
